
> vibe-generated-app@1.0.0 dev
> vite


  VITE v5.4.20  ready in 206 ms

  ➜  Local:   http://localhost:3000/
  ➜  Network: http://172.20.31.21:3000/
4:05:06 PM [vite] Pre-transform error: Transform failed with 1 error:
/home/workspace/src/App.jsx:95:99: ERROR: Unterminated string literal
4:05:08 PM [vite] Internal server error: Transform failed with 1 error:
/home/workspace/src/App.jsx:95:99: ERROR: Unterminated string literal
  Plugin: vite:esbuild
  File: /home/workspace/src/App.jsx:95:99
  
  Unterminated string literal
  93 |          <svg xmlns=\'http://www.w3.org/2000/svg\' width=\'100\' height=\'100\' viewBox=\'0 0 100 100\'>\
  94 |            <filter id=\'n\'><feTurbulence type=\'fractalNoise\' baseFrequency=\'0.65\' numOctaves=\'2\' stitchTiles=\'stitch\'/></filter>\
  95 |            <rect width=\'100%\' height=\'100%\' filter=\'url(%23n)\' opacity=\'0.5\'/></svg>'" }} />
     |                                                                                                     ^
  96 |  
  97 |        {/* hero */}
  
      at failureErrorWithLog (/home/workspace/node_modules/esbuild/lib/main.js:1472:15)
      at /home/workspace/node_modules/esbuild/lib/main.js:755:50
      at responseCallbacks.<computed> (/home/workspace/node_modules/esbuild/lib/main.js:622:9)
      at handleIncomingPacket (/home/workspace/node_modules/esbuild/lib/main.js:677:12)
      at Socket.readFromStdout (/home/workspace/node_modules/esbuild/lib/main.js:600:7)
      at Socket.emit (node:events:508:28)
      at addChunk (node:internal/streams/readable:559:12)
      at readableAddChunkPushByteMode (node:internal/streams/readable:510:3)
      at Readable.push (node:internal/streams/readable:390:5)
      at Pipe.onStreamRead (node:internal/stream_base_commons:189:23)
4:05:34 PM [vite] Internal server error: Transform failed with 1 error:
/home/workspace/src/App.jsx:95:99: ERROR: Unterminated string literal
  Plugin: vite:esbuild
  File: /home/workspace/src/App.jsx:95:99
  
  Unterminated string literal
  93 |          <svg xmlns=\'http://www.w3.org/2000/svg\' width=\'100\' height=\'100\' viewBox=\'0 0 100 100\'>\
  94 |            <filter id=\'n\'><feTurbulence type=\'fractalNoise\' baseFrequency=\'0.65\' numOctaves=\'2\' stitchTiles=\'stitch\'/></filter>\
  95 |            <rect width=\'100%\' height=\'100%\' filter=\'url(%23n)\' opacity=\'0.5\'/></svg>'" }} />
     |                                                                                                     ^
  96 |  
  97 |        {/* hero */}
  
      at failureErrorWithLog (/home/workspace/node_modules/esbuild/lib/main.js:1472:15)
      at /home/workspace/node_modules/esbuild/lib/main.js:755:50
      at responseCallbacks.<computed> (/home/workspace/node_modules/esbuild/lib/main.js:622:9)
      at handleIncomingPacket (/home/workspace/node_modules/esbuild/lib/main.js:677:12)
      at Socket.readFromStdout (/home/workspace/node_modules/esbuild/lib/main.js:600:7)
      at Socket.emit (node:events:508:28)
      at addChunk (node:internal/streams/readable:559:12)
      at readableAddChunkPushByteMode (node:internal/streams/readable:510:3)
      at Readable.push (node:internal/streams/readable:390:5)
      at Pipe.onStreamRead (node:internal/stream_base_commons:189:23)
